build/outputs/apk/manifest-merger-debug-report.txt
-- Merging decision tree log ---
manifest
ADDED from AndroidManifest.xml:2:1
	package
		ADDED from AndroidManifest.xml:3:5
	android:versionName
		ADDED from AndroidManifest.xml:5:5
	android:versionCode
		ADDED from AndroidManifest.xml:4:5
		INJECTED from AndroidManifest.xml:0:0
		INJECTED from AndroidManifest.xml:0:0
	xmlns:android
		ADDED from AndroidManifest.xml:2:11
uses-sdk
ADDED from AndroidManifest.xml:7:5
MERGED from tcl_smartwatch:Watch_orm:unspecified:5:5
	android:targetSdkVersion
		ADDED from AndroidManifest.xml:9:9
	android:minSdkVersion
		ADDED from AndroidManifest.xml:8:9
uses-permission#android.permission.WRITE_SETTINGS
ADDED from AndroidManifest.xml:11:5
	android:name
		ADDED from AndroidManifest.xml:11:22
uses-permission#android.permission.ACCESS_COARSE_LOCATION
ADDED from AndroidManifest.xml:12:5
	android:name
		ADDED from AndroidManifest.xml:12:22
uses-permission#android.permission.ACCESS_FINE_LOCATION
ADDED from AndroidManifest.xml:13:5
	android:name
		ADDED from AndroidManifest.xml:13:22
uses-permission#android.permission.ACCESS_FIND_LOCATION
ADDED from AndroidManifest.xml:14:5
	android:name
		ADDED from AndroidManifest.xml:14:22
uses-permission#android.permission.VIBRATE
ADDED from AndroidManifest.xml:15:5
	android:name
		ADDED from AndroidManifest.xml:15:22
uses-permission#android.permission.INTERNET
ADDED from AndroidManifest.xml:16:5
	android:name
		ADDED from AndroidManifest.xml:16:22
uses-permission#android.permission.WRITE_EXTERNAL_STORAGE
ADDED from AndroidManifest.xml:17:5
	android:name
		ADDED from AndroidManifest.xml:17:22
application
ADDED from AndroidManifest.xml:19:5
	android:label
		ADDED from AndroidManifest.xml:22:9
	android:allowBackup
		ADDED from AndroidManifest.xml:20:9
	android:icon
		ADDED from AndroidManifest.xml:21:9
	android:theme
		ADDED from AndroidManifest.xml:23:9
activity#com.tcl.watch.ui.MainActivity
ADDED from AndroidManifest.xml:24:9
	android:label
		ADDED from AndroidManifest.xml:26:13
	android:name
		ADDED from AndroidManifest.xml:25:13
intent-filter#android.intent.action.MAIN+android.intent.category.LAUNCHER
ADDED from AndroidManifest.xml:27:13
action#android.intent.action.MAIN
ADDED from AndroidManifest.xml:28:17
	android:name
		ADDED from AndroidManifest.xml:28:25
category#android.intent.category.LAUNCHER
ADDED from AndroidManifest.xml:30:17
	android:name
		ADDED from AndroidManifest.xml:30:27
activity#com.tcl.watch.ui.SubActivity
ADDED from AndroidManifest.xml:35:9
	android:label
		ADDED from AndroidManifest.xml:37:13
	android:name
		ADDED from AndroidManifest.xml:36:13
activity#com.tcl.watch.ui.MenuActivity
ADDED from AndroidManifest.xml:41:9
	android:label
		ADDED from AndroidManifest.xml:43:13
	android:name
		ADDED from AndroidManifest.xml:42:13
activity#com.tcl.watch.ui.SettingActivity
ADDED from AndroidManifest.xml:47:9
	android:label
		ADDED from AndroidManifest.xml:49:13
	android:name
		ADDED from AndroidManifest.xml:48:13
activity#com.tcl.watch.ui.ShowActivity
ADDED from AndroidManifest.xml:53:9
	android:label
		ADDED from AndroidManifest.xml:55:13
	android:name
		ADDED from AndroidManifest.xml:54:13
activity#com.tcl.watch.ui.ShowHistoricDataActivity
ADDED from AndroidManifest.xml:59:9
	android:label
		ADDED from AndroidManifest.xml:61:13
	android:name
		ADDED from AndroidManifest.xml:60:13
service#com.tcl.watch.logic.DataService
ADDED from AndroidManifest.xml:64:9
	android:name
		ADDED from AndroidManifest.xml:64:18
receiver#com.tcl.watch.logic.BatteryReceiver
ADDED from AndroidManifest.xml:67:9
	android:name
		ADDED from AndroidManifest.xml:67:19
intent-filter#android.intent.action.BATTERY_CHANGED
ADDED from AndroidManifest.xml:70:13
action#android.intent.action.BATTERY_CHANGED
ADDED from AndroidManifest.xml:71:17
	android:name
		ADDED from AndroidManifest.xml:71:25